<?xml version="1.0" encoding="UTF-8"?>
<!-- Generated by org.testng.reporters.JUnitXMLReporter -->
<testsuite hostname="EN-MuktharM" name="Command line test" tests="4" failures="0" timestamp="11 Jul 2016 13:42:26 GMT" time="0.133" errors="0">
  <testcase name="firstMockTest" time="0.122" classname="com.muks.powermock.employee.EmployeeTest"/>
  <testcase name="shouldGetCountOfEmployeesTest" time="0.001" classname="com.muks.powermock.employee.EmployeeTest"/>
  <testcase name="testMyFirst" time="0.0" classname="com.muks.powermock.employee.EmployeeTest"/>
  <testcase name="testMySecond" time="0.0" classname="com.muks.powermock.employee.EmployeeTest"/>
</testsuite> <!-- Command line test -->
