<?xml version="1.0" encoding="UTF-8"?>
<testsuite name="Regression Test Suite"
           tests="5"
           failures="0"
           errors="0"
           skipped="0"
           time="0.130">
  <properties />
  
  
            <testcase name="shouldGetCountOfEmployeesTest" time="0.001" classname="com.muks.powermock.employee.EmployeeTest" />
                <testcase name="testMyFirst" time="0.001" classname="com.muks.powermock.employee.EmployeeTest" />
                <testcase name="firstMockTest" time="0.122" classname="com.muks.powermock.employee.EmployeeTest" />
                <testcase name="verifyMethodInvokationTest" time="0.006" classname="com.muks.powermock.employee.EmployeeTest" />
                <testcase name="testMySecond" time="0.000" classname="com.muks.powermock.employee.EmployeeTest" />
      
</testsuite>
