<?xml version="1.0" encoding="UTF-8"?>
<testng-results skipped="0" failed="0" total="4" passed="4">
  <reporter-output>
  </reporter-output>
  <suite name="com.muks.powermock.employee.EmployeeTest" duration-ms="133" started-at="2016-07-11T13:42:26Z" finished-at="2016-07-11T13:42:26Z">
    <groups>
    </groups>
    <test name="Command line test" duration-ms="133" started-at="2016-07-11T13:42:26Z" finished-at="2016-07-11T13:42:26Z">
      <class name="com.muks.powermock.employee.EmployeeTest">
        <test-method status="PASS" signature="firstMockTest()[pri:0, instance:com.muks.powermock.employee.EmployeeTest@49e4cb85]" name="firstMockTest" duration-ms="122" started-at="2016-07-11T19:12:26Z" finished-at="2016-07-11T19:12:26Z">
          <reporter-output>
          </reporter-output>
        </test-method> <!-- firstMockTest -->
        <test-method status="PASS" signature="shouldGetCountOfEmployeesTest()[pri:0, instance:com.muks.powermock.employee.EmployeeTest@49e4cb85]" name="shouldGetCountOfEmployeesTest" duration-ms="1" started-at="2016-07-11T19:12:26Z" finished-at="2016-07-11T19:12:26Z">
          <exception class="java.lang.UnsupportedOperationException">
            <full-stacktrace>
              <![CDATA[java.lang.UnsupportedOperationException
	at com.muks.powermock.employee.EmployeeService.getEmployeeCount(EmployeeService.java:8)
	at com.muks.powermock.employee.EmployeeController.getProjectedEmployeeCount(EmployeeController.java:14)
	at com.muks.powermock.employee.EmployeeTest.shouldGetCountOfEmployeesTest(EmployeeTest.java:28)
	at sun.reflect.NativeMethodAccessorImpl.invoke0(Native Method)
	at sun.reflect.NativeMethodAccessorImpl.invoke(NativeMethodAccessorImpl.java:62)
	at sun.reflect.DelegatingMethodAccessorImpl.invoke(DelegatingMethodAccessorImpl.java:43)
	at java.lang.reflect.Method.invoke(Method.java:498)
	at org.testng.internal.MethodInvocationHelper.invokeMethod(MethodInvocationHelper.java:86)
	at org.testng.internal.Invoker.invokeMethod(Invoker.java:643)
	at org.testng.internal.Invoker.invokeTestMethod(Invoker.java:820)
	at org.testng.internal.Invoker.invokeTestMethods(Invoker.java:1128)
	at org.testng.internal.TestMethodWorker.invokeTestMethods(TestMethodWorker.java:129)
	at org.testng.internal.TestMethodWorker.run(TestMethodWorker.java:112)
	at org.testng.TestRunner.privateRun(TestRunner.java:782)
	at org.testng.TestRunner.run(TestRunner.java:632)
	at org.testng.SuiteRunner.runTest(SuiteRunner.java:366)
	at org.testng.SuiteRunner.runSequentially(SuiteRunner.java:361)
	at org.testng.SuiteRunner.privateRun(SuiteRunner.java:319)
	at org.testng.SuiteRunner.run(SuiteRunner.java:268)
	at org.testng.SuiteRunnerWorker.runSuite(SuiteRunnerWorker.java:52)
	at org.testng.SuiteRunnerWorker.run(SuiteRunnerWorker.java:86)
	at org.testng.TestNG.runSuitesSequentially(TestNG.java:1244)
	at org.testng.TestNG.runSuitesLocally(TestNG.java:1169)
	at org.testng.TestNG.run(TestNG.java:1064)
	at org.apache.maven.surefire.testng.TestNGExecutor.run(TestNGExecutor.java:77)
	at org.apache.maven.surefire.testng.TestNGDirectoryTestSuite.execute(TestNGDirectoryTestSuite.java:110)
	at org.apache.maven.surefire.testng.TestNGProvider.invoke(TestNGProvider.java:106)
	at sun.reflect.NativeMethodAccessorImpl.invoke0(Native Method)
	at sun.reflect.NativeMethodAccessorImpl.invoke(NativeMethodAccessorImpl.java:62)
	at sun.reflect.DelegatingMethodAccessorImpl.invoke(DelegatingMethodAccessorImpl.java:43)
	at java.lang.reflect.Method.invoke(Method.java:498)
	at org.apache.maven.surefire.util.ReflectionUtils.invokeMethodWithArray(ReflectionUtils.java:189)
	at org.apache.maven.surefire.booter.ProviderFactory$ProviderProxy.invoke(ProviderFactory.java:165)
	at org.apache.maven.surefire.booter.ProviderFactory.invokeProvider(ProviderFactory.java:85)
	at org.apache.maven.surefire.booter.ForkedBooter.runSuitesInProcess(ForkedBooter.java:115)
	at org.apache.maven.surefire.booter.ForkedBooter.main(ForkedBooter.java:75)
]]>
            </full-stacktrace>
          </exception> <!-- java.lang.UnsupportedOperationException -->
          <reporter-output>
          </reporter-output>
        </test-method> <!-- shouldGetCountOfEmployeesTest -->
        <test-method status="PASS" signature="testMyFirst()[pri:0, instance:com.muks.powermock.employee.EmployeeTest@49e4cb85]" name="testMyFirst" duration-ms="0" started-at="2016-07-11T19:12:26Z" finished-at="2016-07-11T19:12:26Z">
          <reporter-output>
          </reporter-output>
        </test-method> <!-- testMyFirst -->
        <test-method status="PASS" signature="testMySecond()[pri:0, instance:com.muks.powermock.employee.EmployeeTest@49e4cb85]" name="testMySecond" duration-ms="0" started-at="2016-07-11T19:12:26Z" finished-at="2016-07-11T19:12:26Z">
          <reporter-output>
          </reporter-output>
        </test-method> <!-- testMySecond -->
      </class> <!-- com.muks.powermock.employee.EmployeeTest -->
    </test> <!-- Command line test -->
  </suite> <!-- com.muks.powermock.employee.EmployeeTest -->
</testng-results>
